Initializing error report...
 1   Processing_Resource (
 2      Type                   => Regular_Processor,
 3      Name                   => leon3,
 4      Max_Interrupt_Priority => 16,
 5      Min_Interrupt_Priority => 1,
 6      Worst_ISR_Switch       => 1.000E-07,
 7      Avg_ISR_Switch         => 1.000E-07,
 8      Best_ISR_Switch        => 1.000E-07,
 9      System_Timer           => 
 10        ( Type           => Ticker,
 11          Worst_Overhead => 1.000E-05,
 12          Avg_Overhead   => 1.000E-05,
 13          Best_Overhead  => 1.000E-05,
 14          Period         => 0.010000),
 15     Speed_Factor           => 1.00);
 17  Scheduler (
 18     Type            => Primary_Scheduler,
 19     Name            => rtems,
 20     Host            => leon3,
 21     Policy          => 
 22        ( Type                 => Fixed_Priority,
 23          Worst_Context_Switch => 1.000E-06,
 24          Avg_Context_Switch   => 1.000E-06,
 25          Best_Context_Switch  => 1.000E-06,
 26          Max_Priority         => 16,
 27          Min_Priority         => 1));
 29  Scheduling_Server (
 30     Type                       => Regular,
 31     Name                       => tcmanager,
 32     Server_Sched_Parameters    => 
 33        ( Type         => Fixed_Priority_Policy,
 34          The_Priority => 3,
 35          Preassigned  => YES),
 36     Scheduler                  => rtems);
 38  Scheduling_Server (
 39     Type                       => Regular,
 40     Name                       => hk_fdirmng,
 41     Server_Sched_Parameters    => 
 42        ( Type         => Fixed_Priority_Policy,
 43          The_Priority => 2,
 44          Preassigned  => YES),
 45     Scheduler                  => rtems);
 47  Scheduling_Server (
 48     Type                       => Regular,
 49     Name                       => bkgtcexec,
 50     Server_Sched_Parameters    => 
 51        ( Type         => Fixed_Priority_Policy,
 52          The_Priority => 1,
 53          Preassigned  => YES),
 54     Scheduler                  => rtems);
 56  Scheduling_Server (
 57     Type                       => Regular,
 58     Name                       => irq18bottomhalftask,
 59     Server_Sched_Parameters    => 
 60        ( Type         => Fixed_Priority_Policy,
 61          The_Priority => 4,
 62          Preassigned  => YES),
 63     Scheduler                  => rtems);
 65  Scheduling_Server (
 66     Type                       => Regular,
 67     Name                       => irq18handler,
 68     Server_Sched_Parameters    => 
 69        ( Type         => Interrupt_FP_Policy,
 70          The_Priority => 5),
 71     Scheduler                  => rtems);
 73  Shared_Resource (
 74     Type     => Priority_Inheritance_Resource,
 75     Name     => sc_channeltx);
 77  Operation (
 78     Type                       => Simple,
 79     Name                       => irq18tophalf,
 80     Worst_Case_Execution_Time  => 1.000E-04,
 81     Avg_Case_Execution_Time    => 1.000E-04,
 82     Best_Case_Execution_Time   => 1.000E-04);
 84  Operation (
 85     Type                       => Simple,
 86     Name                       => irq18bottomhalf,
 87     Worst_Case_Execution_Time  => 1.000E-04,
 88     Avg_Case_Execution_Time    => 1.000E-04,
 89     Best_Case_Execution_Time   => 1.000E-04);
 91  Operation (
 92     Type                       => Simple,
 93     Name                       => fgettc,
 94     Worst_Case_Execution_Time  => 0.001000,
 95     Avg_Case_Execution_Time    => 0.001000,
 96     Best_Case_Execution_Time   => 0.001000);
 98  Operation (
 99     Type                       => Simple,
 100    Name                       => sc_channeltx_tm,
 101    Worst_Case_Execution_Time  => 1.000E-04,
 102    Avg_Case_Execution_Time    => 1.000E-04,
 103    Best_Case_Execution_Time   => 1.000E-04,
 104    Shared_Resources_To_Lock   => 
 105       ( sc_channeltx),
 106    Shared_Resources_To_Unlock => 
 107       ( sc_channeltx));
 109 Operation (
 110    Type                     => Enclosing,
 111    Name                     => fmngtcrejection,
 112    Worst_Case_Execution_Time=> 2.000E-04,
 113    Avg_Case_Execution_Time  => 2.000E-04,
 114    Best_Case_Execution_Time => 2.000E-04,
 115    Composite_Operation_List => 
 116       ( sc_channeltx_tm));
 118 Operation (
 119    Type                     => Enclosing,
 120    Name                     => fdohk_fdir,
 121    Worst_Case_Execution_Time=> 0.010000,
 122    Avg_Case_Execution_Time  => 0.010000,
 123    Best_Case_Execution_Time => 0.010000,
 124    Composite_Operation_List => 
 125       ( sc_channeltx_tm));
 127 Operation (
 128    Type                     => Composite,
 129    Name                     => cop_ftc_rejection,
 130    Composite_Operation_List => 
 131       ( fgettc,
 132         fmngtcrejection));
 134 Transaction (
 135    Type            => regular,
 136    Name            => trans_new_rejected_tc,
 137    External_Events => 
 138       ( ( Type             => Bursty,
 139           Name             => ev_new_rejected_tc,
 140           Avg_Interarrival => 0.000,
 141           Distribution     => UNIFORM,
 142           Bound_Interval   => 1.000,
 143           Max_Arrivals     => 10)),
 144    Internal_Events => 
 145       ( ( Type => Regular,
 146           Name => ev_irq18bottomhalf_signal),
 147         ( Type => Regular,
 148           Name => ev_rxtc_edroomirqsignal),
 149         ( Type => Regular,
 150           Name => dl_new_rejected_tc,
 151           Timing_Requirements => 
 152             ( Type             => Hard_Global_Deadline,
 153               Deadline         => 1.000,
 154               Referenced_Event => ev_new_rejected_tc))),
 155    Event_Handlers  => 
 156       ( (Type               => Activity,
 157          Input_Event        => ev_new_rejected_tc,
 158          Output_Event       => ev_irq18bottomhalf_signal,
 159          Activity_Operation => irq18tophalf,
 160          Activity_Server    => irq18handler),
 161         (Type               => Activity,
 162          Input_Event        => ev_irq18bottomhalf_signal,
 163          Output_Event       => ev_rxtc_edroomirqsignal,
 164          Activity_Operation => irq18bottomhalf,
 165          Activity_Server    => irq18bottomhalftask),
 166         (Type               => Activity,
 167          Input_Event        => ev_rxtc_edroomirqsignal,
 168          Output_Event       => dl_new_rejected_tc,
 169          Activity_Operation => cop_ftc_rejection,
 170          Activity_Server    => tcmanager)));
 172 Transaction (
 173    Type            => regular,
 174    Name            => trans_hk_fdir,
 175    External_Events => 
 176       ( ( Type       => Periodic,
 177           Name       => ev_hk_fdir,
 178           Period     => 1.000,
 179           Max_Jitter => 0.000,
 180           Phase      => 0.000)),
 181    Internal_Events => 
 182       ( ( Type => Regular,
 183           Name => dl_ev_hk_fdir,
 184           Timing_Requirements => 
 185             ( Type             => Hard_Global_Deadline,
 186               Deadline         => 1.000,
 187               Referenced_Event => ev_hk_fdir))),
 188    Event_Handlers  => 
 189       ( (Type               => Activity,
 190          Input_Event        => ev_hk_fdir,
 191          Output_Event       => dl_ev_hk_fdir,
 192          Activity_Operation => fdohk_fdir,
 193          Activity_Server    => hk_fdirmng)));
 194 

