Real_Time_Situation (
   Generation_Tool    => "MAST Schedulability Analysis, version 1.5.1.0",
   Generation_Profile => "C:\Users\eserr\Documents\mast-bin-win-1-5-1-0\mast-1-5-1-0\mast_analysis.exe default C:\Users\eserr\Documents\mast-bin-win-1-5-1-0\uah_asw_str1\uah_asw_str1\uah_asw_str1 C:\Users\eserr\Documents\mast-bin-win-1-5-1-0\uah_asw_str1\uah_asw_str1\uah_asw_str1.out",
   Generation_Date    => 2025-06-03T12:04:10);

Transaction (
   Name     => trans_hk_fdir,
   Results  => 
       ((Type                          => Timing_Result,
         Event_Name                    => dl_ev_hk_fdir,
         Num_Of_Suspensions            => 1,
         Worst_Blocking_Time           => 1.000E-04,
         Worst_Global_Response_Times   => 
            ((Referenced_Event => ev_hk_fdir,
              Time_Value       => 0.044730)),
         Best_Global_Response_Times    => 
            ((Referenced_Event => ev_hk_fdir,
              Time_Value       => 0.010002)),
         Jitters                       => 
            ((Referenced_Event => ev_hk_fdir,
              Time_Value       => 0.034728)))));

Transaction (
   Name     => trans_background_ck,
   Results  => 
       ((Type                          => Timing_Result,
         Event_Name                    => irqsignal,
         Num_Of_Suspensions            => 0,
         Worst_Blocking_Time           => 0.000,
         Worst_Global_Response_Times   => 
            ((Referenced_Event => new_bg_tc,
              Time_Value       => 0.001012)),
         Best_Global_Response_Times    => 
            ((Referenced_Event => new_bg_tc,
              Time_Value       => 1.002E-04)),
         Jitters                       => 
            ((Referenced_Event => new_bg_tc,
              Time_Value       => 9.118E-04))),
        (Type                          => Timing_Result,
         Event_Name                    => newtc,
         Num_Of_Suspensions            => 0,
         Worst_Blocking_Time           => 0.000,
         Worst_Global_Response_Times   => 
            ((Referenced_Event => new_bg_tc,
              Time_Value       => 0.013056)),
         Best_Global_Response_Times    => 
            ((Referenced_Event => new_bg_tc,
              Time_Value       => 2.022E-04)),
         Jitters                       => 
            ((Referenced_Event => new_bg_tc,
              Time_Value       => 0.012854))),
        (Type                          => Timing_Result,
         Event_Name                    => dl_dfkg_tc,
         Num_Of_Suspensions            => 1,
         Worst_Blocking_Time           => 1.000E-04,
         Worst_Global_Response_Times   => 
            ((Referenced_Event => new_bg_tc,
              Time_Value       => 0.044558)),
         Best_Global_Response_Times    => 
            ((Referenced_Event => new_bg_tc,
              Time_Value       => 0.001604)),
         Jitters                       => 
            ((Referenced_Event => new_bg_tc,
              Time_Value       => 0.042953))),
        (Type                          => Timing_Result,
         Event_Name                    => fin,
         Num_Of_Suspensions            => 0,
         Worst_Blocking_Time           => 0.000,
         Worst_Global_Response_Times   => 
            ((Referenced_Event => new_bg_tc,
              Time_Value       => 0.107603)),
         Best_Global_Response_Times    => 
            ((Referenced_Event => new_bg_tc,
              Time_Value       => 0.021606)),
         Jitters                       => 
            ((Referenced_Event => new_bg_tc,
              Time_Value       => 0.085997)))));

Transaction (
   Name     => trans_prio_tc,
   Results  => 
       ((Type                          => Timing_Result,
         Event_Name                    => iqrsignal,
         Num_Of_Suspensions            => 0,
         Worst_Blocking_Time           => 0.000,
         Worst_Global_Response_Times   => 
            ((Referenced_Event => prio_tc,
              Time_Value       => 0.001012)),
         Best_Global_Response_Times    => 
            ((Referenced_Event => prio_tc,
              Time_Value       => 1.002E-04)),
         Jitters                       => 
            ((Referenced_Event => prio_tc,
              Time_Value       => 9.118E-04))),
        (Type                          => Timing_Result,
         Event_Name                    => newtc,
         Num_Of_Suspensions            => 0,
         Worst_Blocking_Time           => 0.000,
         Worst_Global_Response_Times   => 
            ((Referenced_Event => prio_tc,
              Time_Value       => 0.012555)),
         Best_Global_Response_Times    => 
            ((Referenced_Event => prio_tc,
              Time_Value       => 2.022E-04)),
         Jitters                       => 
            ((Referenced_Event => prio_tc,
              Time_Value       => 0.012353))),
        (Type                          => Timing_Result,
         Event_Name                    => dl_prio_tc,
         Num_Of_Suspensions            => 1,
         Worst_Blocking_Time           => 1.000E-04,
         Worst_Global_Response_Times   => 
            ((Referenced_Event => prio_tc,
              Time_Value       => 0.043546)),
         Best_Global_Response_Times    => 
            ((Referenced_Event => prio_tc,
              Time_Value       => 0.002504)),
         Jitters                       => 
            ((Referenced_Event => prio_tc,
              Time_Value       => 0.041041)))));

Transaction (
   Name     => trans_hkfdir_tc,
   Results  => 
       ((Type                          => Timing_Result,
         Event_Name                    => irqsignal,
         Num_Of_Suspensions            => 0,
         Worst_Blocking_Time           => 0.000,
         Worst_Global_Response_Times   => 
            ((Referenced_Event => new_hkfdir_tc,
              Time_Value       => 0.001012)),
         Best_Global_Response_Times    => 
            ((Referenced_Event => new_hkfdir_tc,
              Time_Value       => 1.002E-04)),
         Jitters                       => 
            ((Referenced_Event => new_hkfdir_tc,
              Time_Value       => 9.118E-04))),
        (Type                          => Timing_Result,
         Event_Name                    => newtc,
         Num_Of_Suspensions            => 0,
         Worst_Blocking_Time           => 0.000,
         Worst_Global_Response_Times   => 
            ((Referenced_Event => new_hkfdir_tc,
              Time_Value       => 0.012855)),
         Best_Global_Response_Times    => 
            ((Referenced_Event => new_hkfdir_tc,
              Time_Value       => 2.022E-04)),
         Jitters                       => 
            ((Referenced_Event => new_hkfdir_tc,
              Time_Value       => 0.012653))),
        (Type                          => Timing_Result,
         Event_Name                    => dl_fhkdir_tc,
         Num_Of_Suspensions            => 1,
         Worst_Blocking_Time           => 1.000E-04,
         Worst_Global_Response_Times   => 
            ((Referenced_Event => new_hkfdir_tc,
              Time_Value       => 0.044153)),
         Best_Global_Response_Times    => 
            ((Referenced_Event => new_hkfdir_tc,
              Time_Value       => 0.001604)),
         Jitters                       => 
            ((Referenced_Event => new_hkfdir_tc,
              Time_Value       => 0.042549))),
        (Type                          => Timing_Result,
         Event_Name                    => fin,
         Num_Of_Suspensions            => 1,
         Worst_Blocking_Time           => 1.000E-04,
         Worst_Global_Response_Times   => 
            ((Referenced_Event => new_hkfdir_tc,
              Time_Value       => 0.084264)),
         Best_Global_Response_Times    => 
            ((Referenced_Event => new_hkfdir_tc,
              Time_Value       => 0.002606)),
         Jitters                       => 
            ((Referenced_Event => new_hkfdir_tc,
              Time_Value       => 0.081658)))));

Transaction (
   Name     => trans_control_actitud,
   Results  => 
       ((Type                          => Timing_Result,
         Event_Name                    => dl_attitude_ctrl,
         Num_Of_Suspensions            => 0,
         Worst_Blocking_Time           => 0.000,
         Worst_Global_Response_Times   => 
            ((Referenced_Event => ev_do_attitude_ctrl,
              Time_Value       => 0.011124)),
         Best_Global_Response_Times    => 
            ((Referenced_Event => ev_do_attitude_ctrl,
              Time_Value       => 0.010102)),
         Jitters                       => 
            ((Referenced_Event => ev_do_attitude_ctrl,
              Time_Value       => 0.001022)))));

Processing_Resource (
   Name     => leon3,
   Results  => 
       ((Type   => Utilization,
         Total  => 15.65%)));

